<?xml version="1.0" encoding="UTF-8"?>
<testng-results skipped="0" failed="0" total="1" passed="1">
  <reporter-output>
  </reporter-output>
  <suite name="Default suite" duration-ms="52" started-at="2017-09-12T03:53:05Z" finished-at="2017-09-12T03:53:05Z">
    <groups>
    </groups>
    <test name="Default test" duration-ms="52" started-at="2017-09-12T03:53:05Z" finished-at="2017-09-12T03:53:05Z">
      <class name="com.TestScript.sample">
        <test-method status="PASS" signature="test()[pri:0, instance:com.TestScript.sample@26653222]" name="test" duration-ms="23" started-at="2017-09-12T09:23:05Z" finished-at="2017-09-12T09:23:05Z">
          <reporter-output>
          </reporter-output>
        </test-method> <!-- test -->
      </class> <!-- com.TestScript.sample -->
    </test> <!-- Default test -->
  </suite> <!-- Default suite -->
</testng-results>
